-------------------------------------------------------------------------------
Test set: pl.project.taskmanager.controller.RegisterControllerTest
-------------------------------------------------------------------------------
Tests run: 1, Failures: 1, Errors: 0, Skipped: 0, Time elapsed: 0.555 s <<< FAILURE! - in pl.project.taskmanager.controller.RegisterControllerTest
showRegisterForm_shouldReturnStatusOkAndRegisterFormAsViewNameAndUserAsAttribute(pl.project.taskmanager.controller.RegisterControllerTest)  Time elapsed: 0.553 s  <<< FAILURE!
java.lang.AssertionError: View name expected:<views/registerForm> but was:<forms/register>
	at pl.project.taskmanager.controller.RegisterControllerTest.showRegisterForm_shouldReturnStatusOkAndRegisterFormAsViewNameAndUserAsAttribute(RegisterControllerTest.java:40)

