-------------------------------------------------------------------------------
Test set: pl.project.taskmanager.controller.LoginControllerTest
-------------------------------------------------------------------------------
Tests run: 1, Failures: 1, Errors: 0, Skipped: 0, Time elapsed: 0.015 s <<< FAILURE! - in pl.project.taskmanager.controller.LoginControllerTest
showLoginForm_shouldReturnStatusOkAndLoginFormAsViewName(pl.project.taskmanager.controller.LoginControllerTest)  Time elapsed: 0.015 s  <<< FAILURE!
java.lang.AssertionError: View name expected:<views/loginForm> but was:<forms/login>
	at pl.project.taskmanager.controller.LoginControllerTest.showLoginForm_shouldReturnStatusOkAndLoginFormAsViewName(LoginControllerTest.java:24)

