-------------------------------------------------------------------------------
Test set: pl.project.taskmanager.controller.IndexControllerTest
-------------------------------------------------------------------------------
Tests run: 1, Failures: 1, Errors: 0, Skipped: 0, Time elapsed: 1.022 s <<< FAILURE! - in pl.project.taskmanager.controller.IndexControllerTest
index_shouldReturnStatusOkAndIndexAsViewName(pl.project.taskmanager.controller.IndexControllerTest)  Time elapsed: 0.97 s  <<< FAILURE!
java.lang.AssertionError: View name expected:<index> but was:<forms/login>
	at pl.project.taskmanager.controller.IndexControllerTest.index_shouldReturnStatusOkAndIndexAsViewName(IndexControllerTest.java:25)

